INFO - 2024-08-12 01:35:30 --> Session: Class initialized using 'CodeIgniter\Session\Handlers\FileHandler' driver.
INFO - 2024-08-12 01:37:16 --> Session: Class initialized using 'CodeIgniter\Session\Handlers\FileHandler' driver.
INFO - 2024-08-12 01:37:16 --> Session: Class initialized using 'CodeIgniter\Session\Handlers\FileHandler' driver.
INFO - 2024-08-12 01:37:28 --> Session: Class initialized using 'CodeIgniter\Session\Handlers\FileHandler' driver.
WARNING - 2024-08-12 01:37:28 --> [DEPRECATED] Creation of dynamic property App\Controllers\Produtos::$permissao is deprecated in APPPATH\Controllers\Produtos.php on line 61.
 1 SYSTEMPATH\CodeIgniter.php(913): App\Controllers\Produtos->__construct()
 2 SYSTEMPATH\CodeIgniter.php(493): CodeIgniter\CodeIgniter->createController()
 3 SYSTEMPATH\CodeIgniter.php(361): CodeIgniter\CodeIgniter->handleRequest(null, Object(Config\Cache), false)
 4 FCPATH\index.php(79): CodeIgniter\CodeIgniter->run()
INFO - 2024-08-12 01:37:35 --> Session: Class initialized using 'CodeIgniter\Session\Handlers\FileHandler' driver.
WARNING - 2024-08-12 01:37:35 --> [DEPRECATED] Creation of dynamic property App\Controllers\Produtos::$permissao is deprecated in APPPATH\Controllers\Produtos.php on line 61.
 1 SYSTEMPATH\CodeIgniter.php(913): App\Controllers\Produtos->__construct()
 2 SYSTEMPATH\CodeIgniter.php(493): CodeIgniter\CodeIgniter->createController()
 3 SYSTEMPATH\CodeIgniter.php(361): CodeIgniter\CodeIgniter->handleRequest(null, Object(Config\Cache), false)
 4 FCPATH\index.php(79): CodeIgniter\CodeIgniter->run()
INFO - 2024-08-12 01:45:27 --> Session: Class initialized using 'CodeIgniter\Session\Handlers\FileHandler' driver.
WARNING - 2024-08-12 01:45:28 --> [DEPRECATED] Creation of dynamic property App\Controllers\Pdv::$permissao is deprecated in APPPATH\Controllers\Pdv.php on line 54.
 1 SYSTEMPATH\CodeIgniter.php(913): App\Controllers\Pdv->__construct()
 2 SYSTEMPATH\CodeIgniter.php(493): CodeIgniter\CodeIgniter->createController()
 3 SYSTEMPATH\CodeIgniter.php(361): CodeIgniter\CodeIgniter->handleRequest(null, Object(Config\Cache), false)
 4 FCPATH\index.php(79): CodeIgniter\CodeIgniter->run()
INFO - 2024-08-12 01:45:29 --> Session: Class initialized using 'CodeIgniter\Session\Handlers\FileHandler' driver.
WARNING - 2024-08-12 01:45:29 --> [DEPRECATED] Creation of dynamic property App\Controllers\Pdv::$permissao is deprecated in APPPATH\Controllers\Pdv.php on line 54.
 1 SYSTEMPATH\CodeIgniter.php(913): App\Controllers\Pdv->__construct()
 2 SYSTEMPATH\CodeIgniter.php(493): CodeIgniter\CodeIgniter->createController()
 3 SYSTEMPATH\CodeIgniter.php(361): CodeIgniter\CodeIgniter->handleRequest(null, Object(Config\Cache), false)
 4 FCPATH\index.php(79): CodeIgniter\CodeIgniter->run()
INFO - 2024-08-12 01:45:32 --> Session: Class initialized using 'CodeIgniter\Session\Handlers\FileHandler' driver.
WARNING - 2024-08-12 01:45:32 --> [DEPRECATED] Creation of dynamic property App\Controllers\Pdv::$permissao is deprecated in APPPATH\Controllers\Pdv.php on line 54.
 1 SYSTEMPATH\CodeIgniter.php(913): App\Controllers\Pdv->__construct()
 2 SYSTEMPATH\CodeIgniter.php(493): CodeIgniter\CodeIgniter->createController()
 3 SYSTEMPATH\CodeIgniter.php(361): CodeIgniter\CodeIgniter->handleRequest(null, Object(Config\Cache), false)
 4 FCPATH\index.php(79): CodeIgniter\CodeIgniter->run()
INFO - 2024-08-12 01:45:44 --> Session: Class initialized using 'CodeIgniter\Session\Handlers\FileHandler' driver.
WARNING - 2024-08-12 01:45:44 --> [DEPRECATED] Creation of dynamic property App\Controllers\Pdv::$permissao is deprecated in APPPATH\Controllers\Pdv.php on line 54.
 1 SYSTEMPATH\CodeIgniter.php(913): App\Controllers\Pdv->__construct()
 2 SYSTEMPATH\CodeIgniter.php(493): CodeIgniter\CodeIgniter->createController()
 3 SYSTEMPATH\CodeIgniter.php(361): CodeIgniter\CodeIgniter->handleRequest(null, Object(Config\Cache), false)
 4 FCPATH\index.php(79): CodeIgniter\CodeIgniter->run()
INFO - 2024-08-12 01:45:44 --> Session: Class initialized using 'CodeIgniter\Session\Handlers\FileHandler' driver.
WARNING - 2024-08-12 01:45:44 --> [DEPRECATED] Creation of dynamic property App\Controllers\Pdv::$permissao is deprecated in APPPATH\Controllers\Pdv.php on line 54.
 1 SYSTEMPATH\CodeIgniter.php(913): App\Controllers\Pdv->__construct()
 2 SYSTEMPATH\CodeIgniter.php(493): CodeIgniter\CodeIgniter->createController()
 3 SYSTEMPATH\CodeIgniter.php(361): CodeIgniter\CodeIgniter->handleRequest(null, Object(Config\Cache), false)
 4 FCPATH\index.php(79): CodeIgniter\CodeIgniter->run()
INFO - 2024-08-12 01:45:54 --> Session: Class initialized using 'CodeIgniter\Session\Handlers\FileHandler' driver.
WARNING - 2024-08-12 01:45:54 --> [DEPRECATED] Creation of dynamic property App\Controllers\Pdv::$permissao is deprecated in APPPATH\Controllers\Pdv.php on line 54.
 1 SYSTEMPATH\CodeIgniter.php(913): App\Controllers\Pdv->__construct()
 2 SYSTEMPATH\CodeIgniter.php(493): CodeIgniter\CodeIgniter->createController()
 3 SYSTEMPATH\CodeIgniter.php(361): CodeIgniter\CodeIgniter->handleRequest(null, Object(Config\Cache), false)
 4 FCPATH\index.php(79): CodeIgniter\CodeIgniter->run()
INFO - 2024-08-12 01:45:54 --> Session: Class initialized using 'CodeIgniter\Session\Handlers\FileHandler' driver.
WARNING - 2024-08-12 01:45:54 --> [DEPRECATED] Creation of dynamic property App\Controllers\Pdv::$permissao is deprecated in APPPATH\Controllers\Pdv.php on line 54.
 1 SYSTEMPATH\CodeIgniter.php(913): App\Controllers\Pdv->__construct()
 2 SYSTEMPATH\CodeIgniter.php(493): CodeIgniter\CodeIgniter->createController()
 3 SYSTEMPATH\CodeIgniter.php(361): CodeIgniter\CodeIgniter->handleRequest(null, Object(Config\Cache), false)
 4 FCPATH\index.php(79): CodeIgniter\CodeIgniter->run()
INFO - 2024-08-12 01:46:11 --> Session: Class initialized using 'CodeIgniter\Session\Handlers\FileHandler' driver.
INFO - 2024-08-12 01:46:17 --> Session: Class initialized using 'CodeIgniter\Session\Handlers\FileHandler' driver.
WARNING - 2024-08-12 01:46:17 --> [DEPRECATED] Creation of dynamic property App\Controllers\Produtos::$permissao is deprecated in APPPATH\Controllers\Produtos.php on line 61.
 1 SYSTEMPATH\CodeIgniter.php(913): App\Controllers\Produtos->__construct()
 2 SYSTEMPATH\CodeIgniter.php(493): CodeIgniter\CodeIgniter->createController()
 3 SYSTEMPATH\CodeIgniter.php(361): CodeIgniter\CodeIgniter->handleRequest(null, Object(Config\Cache), false)
 4 FCPATH\index.php(79): CodeIgniter\CodeIgniter->run()
INFO - 2024-08-12 01:46:21 --> Session: Class initialized using 'CodeIgniter\Session\Handlers\FileHandler' driver.
WARNING - 2024-08-12 01:46:22 --> [DEPRECATED] Creation of dynamic property App\Controllers\Produtos::$permissao is deprecated in APPPATH\Controllers\Produtos.php on line 61.
 1 SYSTEMPATH\CodeIgniter.php(913): App\Controllers\Produtos->__construct()
 2 SYSTEMPATH\CodeIgniter.php(493): CodeIgniter\CodeIgniter->createController()
 3 SYSTEMPATH\CodeIgniter.php(361): CodeIgniter\CodeIgniter->handleRequest(null, Object(Config\Cache), false)
 4 FCPATH\index.php(79): CodeIgniter\CodeIgniter->run()
INFO - 2024-08-12 01:46:49 --> Session: Class initialized using 'CodeIgniter\Session\Handlers\FileHandler' driver.
WARNING - 2024-08-12 01:46:49 --> [DEPRECATED] Creation of dynamic property App\Controllers\Pdv::$permissao is deprecated in APPPATH\Controllers\Pdv.php on line 54.
 1 SYSTEMPATH\CodeIgniter.php(913): App\Controllers\Pdv->__construct()
 2 SYSTEMPATH\CodeIgniter.php(493): CodeIgniter\CodeIgniter->createController()
 3 SYSTEMPATH\CodeIgniter.php(361): CodeIgniter\CodeIgniter->handleRequest(null, Object(Config\Cache), false)
 4 FCPATH\index.php(79): CodeIgniter\CodeIgniter->run()
INFO - 2024-08-12 01:46:50 --> Session: Class initialized using 'CodeIgniter\Session\Handlers\FileHandler' driver.
WARNING - 2024-08-12 01:46:50 --> [DEPRECATED] Creation of dynamic property App\Controllers\Pdv::$permissao is deprecated in APPPATH\Controllers\Pdv.php on line 54.
 1 SYSTEMPATH\CodeIgniter.php(913): App\Controllers\Pdv->__construct()
 2 SYSTEMPATH\CodeIgniter.php(493): CodeIgniter\CodeIgniter->createController()
 3 SYSTEMPATH\CodeIgniter.php(361): CodeIgniter\CodeIgniter->handleRequest(null, Object(Config\Cache), false)
 4 FCPATH\index.php(79): CodeIgniter\CodeIgniter->run()
INFO - 2024-08-12 01:46:56 --> Session: Class initialized using 'CodeIgniter\Session\Handlers\FileHandler' driver.
WARNING - 2024-08-12 01:46:56 --> [DEPRECATED] Creation of dynamic property App\Controllers\Pdv::$permissao is deprecated in APPPATH\Controllers\Pdv.php on line 54.
 1 SYSTEMPATH\CodeIgniter.php(913): App\Controllers\Pdv->__construct()
 2 SYSTEMPATH\CodeIgniter.php(493): CodeIgniter\CodeIgniter->createController()
 3 SYSTEMPATH\CodeIgniter.php(361): CodeIgniter\CodeIgniter->handleRequest(null, Object(Config\Cache), false)
 4 FCPATH\index.php(79): CodeIgniter\CodeIgniter->run()
INFO - 2024-08-12 01:46:56 --> Session: Class initialized using 'CodeIgniter\Session\Handlers\FileHandler' driver.
WARNING - 2024-08-12 01:46:56 --> [DEPRECATED] Creation of dynamic property App\Controllers\Pdv::$permissao is deprecated in APPPATH\Controllers\Pdv.php on line 54.
 1 SYSTEMPATH\CodeIgniter.php(913): App\Controllers\Pdv->__construct()
 2 SYSTEMPATH\CodeIgniter.php(493): CodeIgniter\CodeIgniter->createController()
 3 SYSTEMPATH\CodeIgniter.php(361): CodeIgniter\CodeIgniter->handleRequest(null, Object(Config\Cache), false)
 4 FCPATH\index.php(79): CodeIgniter\CodeIgniter->run()
