INFO - 2024-08-23 01:24:07 --> Session: Class initialized using 'CodeIgniter\Session\Handlers\FileHandler' driver.
INFO - 2024-08-23 01:24:14 --> Session: Class initialized using 'CodeIgniter\Session\Handlers\FileHandler' driver.
INFO - 2024-08-23 01:24:14 --> Session: Class initialized using 'CodeIgniter\Session\Handlers\FileHandler' driver.
INFO - 2024-08-23 01:24:18 --> Session: Class initialized using 'CodeIgniter\Session\Handlers\FileHandler' driver.
WARNING - 2024-08-23 01:24:18 --> [DEPRECATED] Creation of dynamic property App\Controllers\Pdv::$permissao is deprecated in APPPATH\Controllers\Pdv.php on line 54.
 1 SYSTEMPATH\CodeIgniter.php(913): App\Controllers\Pdv->__construct()
 2 SYSTEMPATH\CodeIgniter.php(493): CodeIgniter\CodeIgniter->createController()
 3 SYSTEMPATH\CodeIgniter.php(361): CodeIgniter\CodeIgniter->handleRequest(null, Object(Config\Cache), false)
 4 FCPATH\index.php(79): CodeIgniter\CodeIgniter->run()
INFO - 2024-08-23 01:24:20 --> Session: Class initialized using 'CodeIgniter\Session\Handlers\FileHandler' driver.
WARNING - 2024-08-23 01:24:20 --> [DEPRECATED] Creation of dynamic property App\Controllers\Pdv::$permissao is deprecated in APPPATH\Controllers\Pdv.php on line 54.
 1 SYSTEMPATH\CodeIgniter.php(913): App\Controllers\Pdv->__construct()
 2 SYSTEMPATH\CodeIgniter.php(493): CodeIgniter\CodeIgniter->createController()
 3 SYSTEMPATH\CodeIgniter.php(361): CodeIgniter\CodeIgniter->handleRequest(null, Object(Config\Cache), false)
 4 FCPATH\index.php(79): CodeIgniter\CodeIgniter->run()
INFO - 2024-08-23 01:24:25 --> Session: Class initialized using 'CodeIgniter\Session\Handlers\FileHandler' driver.
WARNING - 2024-08-23 01:24:25 --> [DEPRECATED] Creation of dynamic property App\Controllers\Pdv::$permissao is deprecated in APPPATH\Controllers\Pdv.php on line 54.
 1 SYSTEMPATH\CodeIgniter.php(913): App\Controllers\Pdv->__construct()
 2 SYSTEMPATH\CodeIgniter.php(493): CodeIgniter\CodeIgniter->createController()
 3 SYSTEMPATH\CodeIgniter.php(361): CodeIgniter\CodeIgniter->handleRequest(null, Object(Config\Cache), false)
 4 FCPATH\index.php(79): CodeIgniter\CodeIgniter->run()
INFO - 2024-08-23 01:24:25 --> Session: Class initialized using 'CodeIgniter\Session\Handlers\FileHandler' driver.
WARNING - 2024-08-23 01:24:25 --> [DEPRECATED] Creation of dynamic property App\Controllers\Pdv::$permissao is deprecated in APPPATH\Controllers\Pdv.php on line 54.
 1 SYSTEMPATH\CodeIgniter.php(913): App\Controllers\Pdv->__construct()
 2 SYSTEMPATH\CodeIgniter.php(493): CodeIgniter\CodeIgniter->createController()
 3 SYSTEMPATH\CodeIgniter.php(361): CodeIgniter\CodeIgniter->handleRequest(null, Object(Config\Cache), false)
 4 FCPATH\index.php(79): CodeIgniter\CodeIgniter->run()
INFO - 2024-08-23 01:24:32 --> Session: Class initialized using 'CodeIgniter\Session\Handlers\FileHandler' driver.
WARNING - 2024-08-23 01:24:32 --> [DEPRECATED] Creation of dynamic property App\Controllers\Pdv::$permissao is deprecated in APPPATH\Controllers\Pdv.php on line 54.
 1 SYSTEMPATH\CodeIgniter.php(913): App\Controllers\Pdv->__construct()
 2 SYSTEMPATH\CodeIgniter.php(493): CodeIgniter\CodeIgniter->createController()
 3 SYSTEMPATH\CodeIgniter.php(361): CodeIgniter\CodeIgniter->handleRequest(null, Object(Config\Cache), false)
 4 FCPATH\index.php(79): CodeIgniter\CodeIgniter->run()
INFO - 2024-08-23 01:24:45 --> Session: Class initialized using 'CodeIgniter\Session\Handlers\FileHandler' driver.
WARNING - 2024-08-23 01:24:45 --> [DEPRECATED] Creation of dynamic property App\Controllers\Pdv::$permissao is deprecated in APPPATH\Controllers\Pdv.php on line 54.
 1 SYSTEMPATH\CodeIgniter.php(913): App\Controllers\Pdv->__construct()
 2 SYSTEMPATH\CodeIgniter.php(493): CodeIgniter\CodeIgniter->createController()
 3 SYSTEMPATH\CodeIgniter.php(361): CodeIgniter\CodeIgniter->handleRequest(null, Object(Config\Cache), false)
 4 FCPATH\index.php(79): CodeIgniter\CodeIgniter->run()
INFO - 2024-08-23 01:25:38 --> Session: Class initialized using 'CodeIgniter\Session\Handlers\FileHandler' driver.
WARNING - 2024-08-23 01:25:38 --> [DEPRECATED] Creation of dynamic property App\Controllers\Pdv::$permissao is deprecated in APPPATH\Controllers\Pdv.php on line 54.
 1 SYSTEMPATH\CodeIgniter.php(913): App\Controllers\Pdv->__construct()
 2 SYSTEMPATH\CodeIgniter.php(493): CodeIgniter\CodeIgniter->createController()
 3 SYSTEMPATH\CodeIgniter.php(361): CodeIgniter\CodeIgniter->handleRequest(null, Object(Config\Cache), false)
 4 FCPATH\index.php(79): CodeIgniter\CodeIgniter->run()
INFO - 2024-08-23 01:25:42 --> Session: Class initialized using 'CodeIgniter\Session\Handlers\FileHandler' driver.
WARNING - 2024-08-23 01:25:42 --> [DEPRECATED] Creation of dynamic property App\Controllers\Pdv::$permissao is deprecated in APPPATH\Controllers\Pdv.php on line 54.
 1 SYSTEMPATH\CodeIgniter.php(913): App\Controllers\Pdv->__construct()
 2 SYSTEMPATH\CodeIgniter.php(493): CodeIgniter\CodeIgniter->createController()
 3 SYSTEMPATH\CodeIgniter.php(361): CodeIgniter\CodeIgniter->handleRequest(null, Object(Config\Cache), false)
 4 FCPATH\index.php(79): CodeIgniter\CodeIgniter->run()
INFO - 2024-08-23 01:25:43 --> Session: Class initialized using 'CodeIgniter\Session\Handlers\FileHandler' driver.
WARNING - 2024-08-23 01:25:43 --> [DEPRECATED] Creation of dynamic property App\Controllers\Pdv::$permissao is deprecated in APPPATH\Controllers\Pdv.php on line 54.
 1 SYSTEMPATH\CodeIgniter.php(913): App\Controllers\Pdv->__construct()
 2 SYSTEMPATH\CodeIgniter.php(493): CodeIgniter\CodeIgniter->createController()
 3 SYSTEMPATH\CodeIgniter.php(361): CodeIgniter\CodeIgniter->handleRequest(null, Object(Config\Cache), false)
 4 FCPATH\index.php(79): CodeIgniter\CodeIgniter->run()
INFO - 2024-08-23 01:25:50 --> Session: Class initialized using 'CodeIgniter\Session\Handlers\FileHandler' driver.
WARNING - 2024-08-23 01:25:50 --> [DEPRECATED] Creation of dynamic property App\Controllers\Pdv::$permissao is deprecated in APPPATH\Controllers\Pdv.php on line 54.
 1 SYSTEMPATH\CodeIgniter.php(913): App\Controllers\Pdv->__construct()
 2 SYSTEMPATH\CodeIgniter.php(493): CodeIgniter\CodeIgniter->createController()
 3 SYSTEMPATH\CodeIgniter.php(361): CodeIgniter\CodeIgniter->handleRequest(null, Object(Config\Cache), false)
 4 FCPATH\index.php(79): CodeIgniter\CodeIgniter->run()
INFO - 2024-08-23 01:25:59 --> Session: Class initialized using 'CodeIgniter\Session\Handlers\FileHandler' driver.
WARNING - 2024-08-23 01:25:59 --> [DEPRECATED] Creation of dynamic property App\Controllers\Pdv::$permissao is deprecated in APPPATH\Controllers\Pdv.php on line 54.
 1 SYSTEMPATH\CodeIgniter.php(913): App\Controllers\Pdv->__construct()
 2 SYSTEMPATH\CodeIgniter.php(493): CodeIgniter\CodeIgniter->createController()
 3 SYSTEMPATH\CodeIgniter.php(361): CodeIgniter\CodeIgniter->handleRequest(null, Object(Config\Cache), false)
 4 FCPATH\index.php(79): CodeIgniter\CodeIgniter->run()
INFO - 2024-08-23 01:26:33 --> Session: Class initialized using 'CodeIgniter\Session\Handlers\FileHandler' driver.
WARNING - 2024-08-23 01:26:33 --> [DEPRECATED] Creation of dynamic property App\Controllers\Pdv::$permissao is deprecated in APPPATH\Controllers\Pdv.php on line 54.
 1 SYSTEMPATH\CodeIgniter.php(913): App\Controllers\Pdv->__construct()
 2 SYSTEMPATH\CodeIgniter.php(493): CodeIgniter\CodeIgniter->createController()
 3 SYSTEMPATH\CodeIgniter.php(361): CodeIgniter\CodeIgniter->handleRequest(null, Object(Config\Cache), false)
 4 FCPATH\index.php(79): CodeIgniter\CodeIgniter->run()
INFO - 2024-08-23 01:26:37 --> Session: Class initialized using 'CodeIgniter\Session\Handlers\FileHandler' driver.
WARNING - 2024-08-23 01:26:37 --> [DEPRECATED] Creation of dynamic property App\Controllers\Pdv::$permissao is deprecated in APPPATH\Controllers\Pdv.php on line 54.
 1 SYSTEMPATH\CodeIgniter.php(913): App\Controllers\Pdv->__construct()
 2 SYSTEMPATH\CodeIgniter.php(493): CodeIgniter\CodeIgniter->createController()
 3 SYSTEMPATH\CodeIgniter.php(361): CodeIgniter\CodeIgniter->handleRequest(null, Object(Config\Cache), false)
 4 FCPATH\index.php(79): CodeIgniter\CodeIgniter->run()
INFO - 2024-08-23 01:26:37 --> Session: Class initialized using 'CodeIgniter\Session\Handlers\FileHandler' driver.
WARNING - 2024-08-23 01:26:37 --> [DEPRECATED] Creation of dynamic property App\Controllers\Pdv::$permissao is deprecated in APPPATH\Controllers\Pdv.php on line 54.
 1 SYSTEMPATH\CodeIgniter.php(913): App\Controllers\Pdv->__construct()
 2 SYSTEMPATH\CodeIgniter.php(493): CodeIgniter\CodeIgniter->createController()
 3 SYSTEMPATH\CodeIgniter.php(361): CodeIgniter\CodeIgniter->handleRequest(null, Object(Config\Cache), false)
 4 FCPATH\index.php(79): CodeIgniter\CodeIgniter->run()
INFO - 2024-08-23 01:26:44 --> Session: Class initialized using 'CodeIgniter\Session\Handlers\FileHandler' driver.
WARNING - 2024-08-23 01:26:44 --> [DEPRECATED] Creation of dynamic property App\Controllers\Pdv::$permissao is deprecated in APPPATH\Controllers\Pdv.php on line 54.
 1 SYSTEMPATH\CodeIgniter.php(913): App\Controllers\Pdv->__construct()
 2 SYSTEMPATH\CodeIgniter.php(493): CodeIgniter\CodeIgniter->createController()
 3 SYSTEMPATH\CodeIgniter.php(361): CodeIgniter\CodeIgniter->handleRequest(null, Object(Config\Cache), false)
 4 FCPATH\index.php(79): CodeIgniter\CodeIgniter->run()
INFO - 2024-08-23 01:26:48 --> Session: Class initialized using 'CodeIgniter\Session\Handlers\FileHandler' driver.
WARNING - 2024-08-23 01:26:48 --> [DEPRECATED] Creation of dynamic property App\Controllers\Pdv::$permissao is deprecated in APPPATH\Controllers\Pdv.php on line 54.
 1 SYSTEMPATH\CodeIgniter.php(913): App\Controllers\Pdv->__construct()
 2 SYSTEMPATH\CodeIgniter.php(493): CodeIgniter\CodeIgniter->createController()
 3 SYSTEMPATH\CodeIgniter.php(361): CodeIgniter\CodeIgniter->handleRequest(null, Object(Config\Cache), false)
 4 FCPATH\index.php(79): CodeIgniter\CodeIgniter->run()
INFO - 2024-08-23 01:27:08 --> Session: Class initialized using 'CodeIgniter\Session\Handlers\FileHandler' driver.
WARNING - 2024-08-23 01:27:08 --> [DEPRECATED] Creation of dynamic property App\Controllers\Pdv::$permissao is deprecated in APPPATH\Controllers\Pdv.php on line 54.
 1 SYSTEMPATH\CodeIgniter.php(913): App\Controllers\Pdv->__construct()
 2 SYSTEMPATH\CodeIgniter.php(493): CodeIgniter\CodeIgniter->createController()
 3 SYSTEMPATH\CodeIgniter.php(361): CodeIgniter\CodeIgniter->handleRequest(null, Object(Config\Cache), false)
 4 FCPATH\index.php(79): CodeIgniter\CodeIgniter->run()
INFO - 2024-08-23 01:27:11 --> Session: Class initialized using 'CodeIgniter\Session\Handlers\FileHandler' driver.
WARNING - 2024-08-23 01:27:11 --> [DEPRECATED] Creation of dynamic property App\Controllers\Pdv::$permissao is deprecated in APPPATH\Controllers\Pdv.php on line 54.
 1 SYSTEMPATH\CodeIgniter.php(913): App\Controllers\Pdv->__construct()
 2 SYSTEMPATH\CodeIgniter.php(493): CodeIgniter\CodeIgniter->createController()
 3 SYSTEMPATH\CodeIgniter.php(361): CodeIgniter\CodeIgniter->handleRequest(null, Object(Config\Cache), false)
 4 FCPATH\index.php(79): CodeIgniter\CodeIgniter->run()
INFO - 2024-08-23 01:27:11 --> Session: Class initialized using 'CodeIgniter\Session\Handlers\FileHandler' driver.
WARNING - 2024-08-23 01:27:11 --> [DEPRECATED] Creation of dynamic property App\Controllers\Pdv::$permissao is deprecated in APPPATH\Controllers\Pdv.php on line 54.
 1 SYSTEMPATH\CodeIgniter.php(913): App\Controllers\Pdv->__construct()
 2 SYSTEMPATH\CodeIgniter.php(493): CodeIgniter\CodeIgniter->createController()
 3 SYSTEMPATH\CodeIgniter.php(361): CodeIgniter\CodeIgniter->handleRequest(null, Object(Config\Cache), false)
 4 FCPATH\index.php(79): CodeIgniter\CodeIgniter->run()
INFO - 2024-08-23 01:27:16 --> Session: Class initialized using 'CodeIgniter\Session\Handlers\FileHandler' driver.
WARNING - 2024-08-23 01:27:17 --> [DEPRECATED] Creation of dynamic property App\Controllers\Pdv::$permissao is deprecated in APPPATH\Controllers\Pdv.php on line 54.
 1 SYSTEMPATH\CodeIgniter.php(913): App\Controllers\Pdv->__construct()
 2 SYSTEMPATH\CodeIgniter.php(493): CodeIgniter\CodeIgniter->createController()
 3 SYSTEMPATH\CodeIgniter.php(361): CodeIgniter\CodeIgniter->handleRequest(null, Object(Config\Cache), false)
 4 FCPATH\index.php(79): CodeIgniter\CodeIgniter->run()
INFO - 2024-08-23 01:27:26 --> Session: Class initialized using 'CodeIgniter\Session\Handlers\FileHandler' driver.
WARNING - 2024-08-23 01:27:26 --> [DEPRECATED] Creation of dynamic property App\Controllers\Pdv::$permissao is deprecated in APPPATH\Controllers\Pdv.php on line 54.
 1 SYSTEMPATH\CodeIgniter.php(913): App\Controllers\Pdv->__construct()
 2 SYSTEMPATH\CodeIgniter.php(493): CodeIgniter\CodeIgniter->createController()
 3 SYSTEMPATH\CodeIgniter.php(361): CodeIgniter\CodeIgniter->handleRequest(null, Object(Config\Cache), false)
 4 FCPATH\index.php(79): CodeIgniter\CodeIgniter->run()
INFO - 2024-08-23 01:30:51 --> Session: Class initialized using 'CodeIgniter\Session\Handlers\FileHandler' driver.
WARNING - 2024-08-23 01:30:51 --> [DEPRECATED] Creation of dynamic property App\Controllers\Pdv::$permissao is deprecated in APPPATH\Controllers\Pdv.php on line 54.
 1 SYSTEMPATH\CodeIgniter.php(913): App\Controllers\Pdv->__construct()
 2 SYSTEMPATH\CodeIgniter.php(493): CodeIgniter\CodeIgniter->createController()
 3 SYSTEMPATH\CodeIgniter.php(361): CodeIgniter\CodeIgniter->handleRequest(null, Object(Config\Cache), false)
 4 FCPATH\index.php(79): CodeIgniter\CodeIgniter->run()
INFO - 2024-08-23 01:30:54 --> Session: Class initialized using 'CodeIgniter\Session\Handlers\FileHandler' driver.
WARNING - 2024-08-23 01:30:54 --> [DEPRECATED] Creation of dynamic property App\Controllers\Pdv::$permissao is deprecated in APPPATH\Controllers\Pdv.php on line 54.
 1 SYSTEMPATH\CodeIgniter.php(913): App\Controllers\Pdv->__construct()
 2 SYSTEMPATH\CodeIgniter.php(493): CodeIgniter\CodeIgniter->createController()
 3 SYSTEMPATH\CodeIgniter.php(361): CodeIgniter\CodeIgniter->handleRequest(null, Object(Config\Cache), false)
 4 FCPATH\index.php(79): CodeIgniter\CodeIgniter->run()
INFO - 2024-08-23 01:30:54 --> Session: Class initialized using 'CodeIgniter\Session\Handlers\FileHandler' driver.
WARNING - 2024-08-23 01:30:54 --> [DEPRECATED] Creation of dynamic property App\Controllers\Pdv::$permissao is deprecated in APPPATH\Controllers\Pdv.php on line 54.
 1 SYSTEMPATH\CodeIgniter.php(913): App\Controllers\Pdv->__construct()
 2 SYSTEMPATH\CodeIgniter.php(493): CodeIgniter\CodeIgniter->createController()
 3 SYSTEMPATH\CodeIgniter.php(361): CodeIgniter\CodeIgniter->handleRequest(null, Object(Config\Cache), false)
 4 FCPATH\index.php(79): CodeIgniter\CodeIgniter->run()
INFO - 2024-08-23 01:31:06 --> Session: Class initialized using 'CodeIgniter\Session\Handlers\FileHandler' driver.
WARNING - 2024-08-23 01:31:06 --> [DEPRECATED] Creation of dynamic property App\Controllers\Pdv::$permissao is deprecated in APPPATH\Controllers\Pdv.php on line 54.
 1 SYSTEMPATH\CodeIgniter.php(913): App\Controllers\Pdv->__construct()
 2 SYSTEMPATH\CodeIgniter.php(493): CodeIgniter\CodeIgniter->createController()
 3 SYSTEMPATH\CodeIgniter.php(361): CodeIgniter\CodeIgniter->handleRequest(null, Object(Config\Cache), false)
 4 FCPATH\index.php(79): CodeIgniter\CodeIgniter->run()
INFO - 2024-08-23 01:33:00 --> Session: Class initialized using 'CodeIgniter\Session\Handlers\FileHandler' driver.
WARNING - 2024-08-23 01:33:00 --> [DEPRECATED] Creation of dynamic property App\Controllers\Pdv::$permissao is deprecated in APPPATH\Controllers\Pdv.php on line 54.
 1 SYSTEMPATH\CodeIgniter.php(913): App\Controllers\Pdv->__construct()
 2 SYSTEMPATH\CodeIgniter.php(493): CodeIgniter\CodeIgniter->createController()
 3 SYSTEMPATH\CodeIgniter.php(361): CodeIgniter\CodeIgniter->handleRequest(null, Object(Config\Cache), false)
 4 FCPATH\index.php(79): CodeIgniter\CodeIgniter->run()
INFO - 2024-08-23 01:33:08 --> Session: Class initialized using 'CodeIgniter\Session\Handlers\FileHandler' driver.
WARNING - 2024-08-23 01:33:08 --> [DEPRECATED] Creation of dynamic property App\Controllers\Pdv::$permissao is deprecated in APPPATH\Controllers\Pdv.php on line 54.
 1 SYSTEMPATH\CodeIgniter.php(913): App\Controllers\Pdv->__construct()
 2 SYSTEMPATH\CodeIgniter.php(493): CodeIgniter\CodeIgniter->createController()
 3 SYSTEMPATH\CodeIgniter.php(361): CodeIgniter\CodeIgniter->handleRequest(null, Object(Config\Cache), false)
 4 FCPATH\index.php(79): CodeIgniter\CodeIgniter->run()
INFO - 2024-08-23 01:33:17 --> Session: Class initialized using 'CodeIgniter\Session\Handlers\FileHandler' driver.
WARNING - 2024-08-23 01:33:17 --> [DEPRECATED] Creation of dynamic property App\Controllers\Pdv::$permissao is deprecated in APPPATH\Controllers\Pdv.php on line 54.
 1 SYSTEMPATH\CodeIgniter.php(913): App\Controllers\Pdv->__construct()
 2 SYSTEMPATH\CodeIgniter.php(493): CodeIgniter\CodeIgniter->createController()
 3 SYSTEMPATH\CodeIgniter.php(361): CodeIgniter\CodeIgniter->handleRequest(null, Object(Config\Cache), false)
 4 FCPATH\index.php(79): CodeIgniter\CodeIgniter->run()
INFO - 2024-08-23 01:35:49 --> Session: Class initialized using 'CodeIgniter\Session\Handlers\FileHandler' driver.
WARNING - 2024-08-23 01:35:49 --> [DEPRECATED] Creation of dynamic property App\Controllers\Pdv::$permissao is deprecated in APPPATH\Controllers\Pdv.php on line 54.
 1 SYSTEMPATH\CodeIgniter.php(913): App\Controllers\Pdv->__construct()
 2 SYSTEMPATH\CodeIgniter.php(493): CodeIgniter\CodeIgniter->createController()
 3 SYSTEMPATH\CodeIgniter.php(361): CodeIgniter\CodeIgniter->handleRequest(null, Object(Config\Cache), false)
 4 FCPATH\index.php(79): CodeIgniter\CodeIgniter->run()
INFO - 2024-08-23 01:35:52 --> Session: Class initialized using 'CodeIgniter\Session\Handlers\FileHandler' driver.
WARNING - 2024-08-23 01:35:52 --> [DEPRECATED] Creation of dynamic property App\Controllers\Pdv::$permissao is deprecated in APPPATH\Controllers\Pdv.php on line 54.
 1 SYSTEMPATH\CodeIgniter.php(913): App\Controllers\Pdv->__construct()
 2 SYSTEMPATH\CodeIgniter.php(493): CodeIgniter\CodeIgniter->createController()
 3 SYSTEMPATH\CodeIgniter.php(361): CodeIgniter\CodeIgniter->handleRequest(null, Object(Config\Cache), false)
 4 FCPATH\index.php(79): CodeIgniter\CodeIgniter->run()
INFO - 2024-08-23 01:35:52 --> Session: Class initialized using 'CodeIgniter\Session\Handlers\FileHandler' driver.
WARNING - 2024-08-23 01:35:52 --> [DEPRECATED] Creation of dynamic property App\Controllers\Pdv::$permissao is deprecated in APPPATH\Controllers\Pdv.php on line 54.
 1 SYSTEMPATH\CodeIgniter.php(913): App\Controllers\Pdv->__construct()
 2 SYSTEMPATH\CodeIgniter.php(493): CodeIgniter\CodeIgniter->createController()
 3 SYSTEMPATH\CodeIgniter.php(361): CodeIgniter\CodeIgniter->handleRequest(null, Object(Config\Cache), false)
 4 FCPATH\index.php(79): CodeIgniter\CodeIgniter->run()
INFO - 2024-08-23 01:36:01 --> Session: Class initialized using 'CodeIgniter\Session\Handlers\FileHandler' driver.
WARNING - 2024-08-23 01:36:01 --> [DEPRECATED] Creation of dynamic property App\Controllers\Pdv::$permissao is deprecated in APPPATH\Controllers\Pdv.php on line 54.
 1 SYSTEMPATH\CodeIgniter.php(913): App\Controllers\Pdv->__construct()
 2 SYSTEMPATH\CodeIgniter.php(493): CodeIgniter\CodeIgniter->createController()
 3 SYSTEMPATH\CodeIgniter.php(361): CodeIgniter\CodeIgniter->handleRequest(null, Object(Config\Cache), false)
 4 FCPATH\index.php(79): CodeIgniter\CodeIgniter->run()
INFO - 2024-08-23 01:36:12 --> Session: Class initialized using 'CodeIgniter\Session\Handlers\FileHandler' driver.
WARNING - 2024-08-23 01:36:12 --> [DEPRECATED] Creation of dynamic property App\Controllers\Pdv::$permissao is deprecated in APPPATH\Controllers\Pdv.php on line 54.
 1 SYSTEMPATH\CodeIgniter.php(913): App\Controllers\Pdv->__construct()
 2 SYSTEMPATH\CodeIgniter.php(493): CodeIgniter\CodeIgniter->createController()
 3 SYSTEMPATH\CodeIgniter.php(361): CodeIgniter\CodeIgniter->handleRequest(null, Object(Config\Cache), false)
 4 FCPATH\index.php(79): CodeIgniter\CodeIgniter->run()
INFO - 2024-08-23 01:37:30 --> Session: Class initialized using 'CodeIgniter\Session\Handlers\FileHandler' driver.
WARNING - 2024-08-23 01:37:30 --> [DEPRECATED] Creation of dynamic property App\Controllers\Pdv::$permissao is deprecated in APPPATH\Controllers\Pdv.php on line 54.
 1 SYSTEMPATH\CodeIgniter.php(913): App\Controllers\Pdv->__construct()
 2 SYSTEMPATH\CodeIgniter.php(493): CodeIgniter\CodeIgniter->createController()
 3 SYSTEMPATH\CodeIgniter.php(361): CodeIgniter\CodeIgniter->handleRequest(null, Object(Config\Cache), false)
 4 FCPATH\index.php(79): CodeIgniter\CodeIgniter->run()
INFO - 2024-08-23 01:37:34 --> Session: Class initialized using 'CodeIgniter\Session\Handlers\FileHandler' driver.
WARNING - 2024-08-23 01:37:34 --> [DEPRECATED] Creation of dynamic property App\Controllers\Pdv::$permissao is deprecated in APPPATH\Controllers\Pdv.php on line 54.
 1 SYSTEMPATH\CodeIgniter.php(913): App\Controllers\Pdv->__construct()
 2 SYSTEMPATH\CodeIgniter.php(493): CodeIgniter\CodeIgniter->createController()
 3 SYSTEMPATH\CodeIgniter.php(361): CodeIgniter\CodeIgniter->handleRequest(null, Object(Config\Cache), false)
 4 FCPATH\index.php(79): CodeIgniter\CodeIgniter->run()
INFO - 2024-08-23 01:37:36 --> Session: Class initialized using 'CodeIgniter\Session\Handlers\FileHandler' driver.
WARNING - 2024-08-23 01:37:36 --> [DEPRECATED] Creation of dynamic property App\Controllers\Pdv::$permissao is deprecated in APPPATH\Controllers\Pdv.php on line 54.
 1 SYSTEMPATH\CodeIgniter.php(913): App\Controllers\Pdv->__construct()
 2 SYSTEMPATH\CodeIgniter.php(493): CodeIgniter\CodeIgniter->createController()
 3 SYSTEMPATH\CodeIgniter.php(361): CodeIgniter\CodeIgniter->handleRequest(null, Object(Config\Cache), false)
 4 FCPATH\index.php(79): CodeIgniter\CodeIgniter->run()
INFO - 2024-08-23 01:37:56 --> Session: Class initialized using 'CodeIgniter\Session\Handlers\FileHandler' driver.
WARNING - 2024-08-23 01:37:56 --> [DEPRECATED] Creation of dynamic property App\Controllers\Pdv::$permissao is deprecated in APPPATH\Controllers\Pdv.php on line 54.
 1 SYSTEMPATH\CodeIgniter.php(913): App\Controllers\Pdv->__construct()
 2 SYSTEMPATH\CodeIgniter.php(493): CodeIgniter\CodeIgniter->createController()
 3 SYSTEMPATH\CodeIgniter.php(361): CodeIgniter\CodeIgniter->handleRequest(null, Object(Config\Cache), false)
 4 FCPATH\index.php(79): CodeIgniter\CodeIgniter->run()
INFO - 2024-08-23 01:39:37 --> Session: Class initialized using 'CodeIgniter\Session\Handlers\FileHandler' driver.
WARNING - 2024-08-23 01:39:37 --> [DEPRECATED] Creation of dynamic property App\Controllers\Pdv::$permissao is deprecated in APPPATH\Controllers\Pdv.php on line 54.
 1 SYSTEMPATH\CodeIgniter.php(913): App\Controllers\Pdv->__construct()
 2 SYSTEMPATH\CodeIgniter.php(493): CodeIgniter\CodeIgniter->createController()
 3 SYSTEMPATH\CodeIgniter.php(361): CodeIgniter\CodeIgniter->handleRequest(null, Object(Config\Cache), false)
 4 FCPATH\index.php(79): CodeIgniter\CodeIgniter->run()
INFO - 2024-08-23 02:08:27 --> Session: Class initialized using 'CodeIgniter\Session\Handlers\FileHandler' driver.
WARNING - 2024-08-23 02:08:27 --> [DEPRECATED] Creation of dynamic property App\Controllers\Pdv::$permissao is deprecated in APPPATH\Controllers\Pdv.php on line 54.
 1 SYSTEMPATH\CodeIgniter.php(913): App\Controllers\Pdv->__construct()
 2 SYSTEMPATH\CodeIgniter.php(493): CodeIgniter\CodeIgniter->createController()
 3 SYSTEMPATH\CodeIgniter.php(361): CodeIgniter\CodeIgniter->handleRequest(null, Object(Config\Cache), false)
 4 FCPATH\index.php(79): CodeIgniter\CodeIgniter->run()
INFO - 2024-08-23 02:09:04 --> Session: Class initialized using 'CodeIgniter\Session\Handlers\FileHandler' driver.
WARNING - 2024-08-23 02:09:04 --> [DEPRECATED] Creation of dynamic property App\Controllers\Pdv::$permissao is deprecated in APPPATH\Controllers\Pdv.php on line 54.
 1 SYSTEMPATH\CodeIgniter.php(913): App\Controllers\Pdv->__construct()
 2 SYSTEMPATH\CodeIgniter.php(493): CodeIgniter\CodeIgniter->createController()
 3 SYSTEMPATH\CodeIgniter.php(361): CodeIgniter\CodeIgniter->handleRequest(null, Object(Config\Cache), false)
 4 FCPATH\index.php(79): CodeIgniter\CodeIgniter->run()
INFO - 2024-08-23 02:09:09 --> Session: Class initialized using 'CodeIgniter\Session\Handlers\FileHandler' driver.
WARNING - 2024-08-23 02:09:09 --> [DEPRECATED] Creation of dynamic property App\Controllers\Pdv::$permissao is deprecated in APPPATH\Controllers\Pdv.php on line 54.
 1 SYSTEMPATH\CodeIgniter.php(913): App\Controllers\Pdv->__construct()
 2 SYSTEMPATH\CodeIgniter.php(493): CodeIgniter\CodeIgniter->createController()
 3 SYSTEMPATH\CodeIgniter.php(361): CodeIgniter\CodeIgniter->handleRequest(null, Object(Config\Cache), false)
 4 FCPATH\index.php(79): CodeIgniter\CodeIgniter->run()
INFO - 2024-08-23 02:09:19 --> Session: Class initialized using 'CodeIgniter\Session\Handlers\FileHandler' driver.
WARNING - 2024-08-23 02:09:19 --> [DEPRECATED] Creation of dynamic property App\Controllers\Pdv::$permissao is deprecated in APPPATH\Controllers\Pdv.php on line 54.
 1 SYSTEMPATH\CodeIgniter.php(913): App\Controllers\Pdv->__construct()
 2 SYSTEMPATH\CodeIgniter.php(493): CodeIgniter\CodeIgniter->createController()
 3 SYSTEMPATH\CodeIgniter.php(361): CodeIgniter\CodeIgniter->handleRequest(null, Object(Config\Cache), false)
 4 FCPATH\index.php(79): CodeIgniter\CodeIgniter->run()
INFO - 2024-08-23 02:09:22 --> Session: Class initialized using 'CodeIgniter\Session\Handlers\FileHandler' driver.
WARNING - 2024-08-23 02:09:22 --> [DEPRECATED] Creation of dynamic property App\Controllers\Pdv::$permissao is deprecated in APPPATH\Controllers\Pdv.php on line 54.
 1 SYSTEMPATH\CodeIgniter.php(913): App\Controllers\Pdv->__construct()
 2 SYSTEMPATH\CodeIgniter.php(493): CodeIgniter\CodeIgniter->createController()
 3 SYSTEMPATH\CodeIgniter.php(361): CodeIgniter\CodeIgniter->handleRequest(null, Object(Config\Cache), false)
 4 FCPATH\index.php(79): CodeIgniter\CodeIgniter->run()
INFO - 2024-08-23 02:09:22 --> Session: Class initialized using 'CodeIgniter\Session\Handlers\FileHandler' driver.
WARNING - 2024-08-23 02:09:22 --> [DEPRECATED] Creation of dynamic property App\Controllers\Pdv::$permissao is deprecated in APPPATH\Controllers\Pdv.php on line 54.
 1 SYSTEMPATH\CodeIgniter.php(913): App\Controllers\Pdv->__construct()
 2 SYSTEMPATH\CodeIgniter.php(493): CodeIgniter\CodeIgniter->createController()
 3 SYSTEMPATH\CodeIgniter.php(361): CodeIgniter\CodeIgniter->handleRequest(null, Object(Config\Cache), false)
 4 FCPATH\index.php(79): CodeIgniter\CodeIgniter->run()
INFO - 2024-08-23 02:09:34 --> Session: Class initialized using 'CodeIgniter\Session\Handlers\FileHandler' driver.
WARNING - 2024-08-23 02:09:34 --> [DEPRECATED] Creation of dynamic property App\Controllers\Pdv::$permissao is deprecated in APPPATH\Controllers\Pdv.php on line 54.
 1 SYSTEMPATH\CodeIgniter.php(913): App\Controllers\Pdv->__construct()
 2 SYSTEMPATH\CodeIgniter.php(493): CodeIgniter\CodeIgniter->createController()
 3 SYSTEMPATH\CodeIgniter.php(361): CodeIgniter\CodeIgniter->handleRequest(null, Object(Config\Cache), false)
 4 FCPATH\index.php(79): CodeIgniter\CodeIgniter->run()
INFO - 2024-08-23 02:09:49 --> Session: Class initialized using 'CodeIgniter\Session\Handlers\FileHandler' driver.
WARNING - 2024-08-23 02:09:49 --> [DEPRECATED] Creation of dynamic property App\Controllers\Pdv::$permissao is deprecated in APPPATH\Controllers\Pdv.php on line 54.
 1 SYSTEMPATH\CodeIgniter.php(913): App\Controllers\Pdv->__construct()
 2 SYSTEMPATH\CodeIgniter.php(493): CodeIgniter\CodeIgniter->createController()
 3 SYSTEMPATH\CodeIgniter.php(361): CodeIgniter\CodeIgniter->handleRequest(null, Object(Config\Cache), false)
 4 FCPATH\index.php(79): CodeIgniter\CodeIgniter->run()
INFO - 2024-08-23 02:10:46 --> Session: Class initialized using 'CodeIgniter\Session\Handlers\FileHandler' driver.
WARNING - 2024-08-23 02:10:46 --> [DEPRECATED] Creation of dynamic property App\Controllers\Pdv::$permissao is deprecated in APPPATH\Controllers\Pdv.php on line 54.
 1 SYSTEMPATH\CodeIgniter.php(913): App\Controllers\Pdv->__construct()
 2 SYSTEMPATH\CodeIgniter.php(493): CodeIgniter\CodeIgniter->createController()
 3 SYSTEMPATH\CodeIgniter.php(361): CodeIgniter\CodeIgniter->handleRequest(null, Object(Config\Cache), false)
 4 FCPATH\index.php(79): CodeIgniter\CodeIgniter->run()
INFO - 2024-08-23 02:10:48 --> Session: Class initialized using 'CodeIgniter\Session\Handlers\FileHandler' driver.
WARNING - 2024-08-23 02:10:48 --> [DEPRECATED] Creation of dynamic property App\Controllers\Pdv::$permissao is deprecated in APPPATH\Controllers\Pdv.php on line 54.
 1 SYSTEMPATH\CodeIgniter.php(913): App\Controllers\Pdv->__construct()
 2 SYSTEMPATH\CodeIgniter.php(493): CodeIgniter\CodeIgniter->createController()
 3 SYSTEMPATH\CodeIgniter.php(361): CodeIgniter\CodeIgniter->handleRequest(null, Object(Config\Cache), false)
 4 FCPATH\index.php(79): CodeIgniter\CodeIgniter->run()
INFO - 2024-08-23 02:10:48 --> Session: Class initialized using 'CodeIgniter\Session\Handlers\FileHandler' driver.
WARNING - 2024-08-23 02:10:49 --> [DEPRECATED] Creation of dynamic property App\Controllers\Pdv::$permissao is deprecated in APPPATH\Controllers\Pdv.php on line 54.
 1 SYSTEMPATH\CodeIgniter.php(913): App\Controllers\Pdv->__construct()
 2 SYSTEMPATH\CodeIgniter.php(493): CodeIgniter\CodeIgniter->createController()
 3 SYSTEMPATH\CodeIgniter.php(361): CodeIgniter\CodeIgniter->handleRequest(null, Object(Config\Cache), false)
 4 FCPATH\index.php(79): CodeIgniter\CodeIgniter->run()
INFO - 2024-08-23 02:10:57 --> Session: Class initialized using 'CodeIgniter\Session\Handlers\FileHandler' driver.
WARNING - 2024-08-23 02:10:57 --> [DEPRECATED] Creation of dynamic property App\Controllers\Pdv::$permissao is deprecated in APPPATH\Controllers\Pdv.php on line 54.
 1 SYSTEMPATH\CodeIgniter.php(913): App\Controllers\Pdv->__construct()
 2 SYSTEMPATH\CodeIgniter.php(493): CodeIgniter\CodeIgniter->createController()
 3 SYSTEMPATH\CodeIgniter.php(361): CodeIgniter\CodeIgniter->handleRequest(null, Object(Config\Cache), false)
 4 FCPATH\index.php(79): CodeIgniter\CodeIgniter->run()
INFO - 2024-08-23 02:11:20 --> Session: Class initialized using 'CodeIgniter\Session\Handlers\FileHandler' driver.
WARNING - 2024-08-23 02:11:20 --> [DEPRECATED] Creation of dynamic property App\Controllers\Pdv::$permissao is deprecated in APPPATH\Controllers\Pdv.php on line 54.
 1 SYSTEMPATH\CodeIgniter.php(913): App\Controllers\Pdv->__construct()
 2 SYSTEMPATH\CodeIgniter.php(493): CodeIgniter\CodeIgniter->createController()
 3 SYSTEMPATH\CodeIgniter.php(361): CodeIgniter\CodeIgniter->handleRequest(null, Object(Config\Cache), false)
 4 FCPATH\index.php(79): CodeIgniter\CodeIgniter->run()
