INFO - 2024-10-12 20:26:24 --> Session: Class initialized using 'CodeIgniter\Session\Handlers\FileHandler' driver.
INFO - 2024-10-12 20:26:32 --> Session: Class initialized using 'CodeIgniter\Session\Handlers\FileHandler' driver.
INFO - 2024-10-12 20:26:33 --> Session: Class initialized using 'CodeIgniter\Session\Handlers\FileHandler' driver.
INFO - 2024-10-12 20:28:50 --> Session: Class initialized using 'CodeIgniter\Session\Handlers\FileHandler' driver.
WARNING - 2024-10-12 20:28:50 --> [DEPRECATED] Creation of dynamic property App\Controllers\Pdv::$permissao is deprecated in APPPATH\Controllers\Pdv.php on line 54.
 1 SYSTEMPATH\CodeIgniter.php(913): App\Controllers\Pdv->__construct()
 2 SYSTEMPATH\CodeIgniter.php(493): CodeIgniter\CodeIgniter->createController()
 3 SYSTEMPATH\CodeIgniter.php(361): CodeIgniter\CodeIgniter->handleRequest(null, Object(Config\Cache), false)
 4 FCPATH\index.php(79): CodeIgniter\CodeIgniter->run()
INFO - 2024-10-12 20:28:52 --> Session: Class initialized using 'CodeIgniter\Session\Handlers\FileHandler' driver.
WARNING - 2024-10-12 20:28:52 --> [DEPRECATED] Creation of dynamic property App\Controllers\Pdv::$permissao is deprecated in APPPATH\Controllers\Pdv.php on line 54.
 1 SYSTEMPATH\CodeIgniter.php(913): App\Controllers\Pdv->__construct()
 2 SYSTEMPATH\CodeIgniter.php(493): CodeIgniter\CodeIgniter->createController()
 3 SYSTEMPATH\CodeIgniter.php(361): CodeIgniter\CodeIgniter->handleRequest(null, Object(Config\Cache), false)
 4 FCPATH\index.php(79): CodeIgniter\CodeIgniter->run()
INFO - 2024-10-12 20:28:56 --> Session: Class initialized using 'CodeIgniter\Session\Handlers\FileHandler' driver.
WARNING - 2024-10-12 20:28:56 --> [DEPRECATED] Creation of dynamic property App\Controllers\Pdv::$permissao is deprecated in APPPATH\Controllers\Pdv.php on line 54.
 1 SYSTEMPATH\CodeIgniter.php(913): App\Controllers\Pdv->__construct()
 2 SYSTEMPATH\CodeIgniter.php(493): CodeIgniter\CodeIgniter->createController()
 3 SYSTEMPATH\CodeIgniter.php(361): CodeIgniter\CodeIgniter->handleRequest(null, Object(Config\Cache), false)
 4 FCPATH\index.php(79): CodeIgniter\CodeIgniter->run()
INFO - 2024-10-12 20:28:56 --> Session: Class initialized using 'CodeIgniter\Session\Handlers\FileHandler' driver.
WARNING - 2024-10-12 20:28:56 --> [DEPRECATED] Creation of dynamic property App\Controllers\Pdv::$permissao is deprecated in APPPATH\Controllers\Pdv.php on line 54.
 1 SYSTEMPATH\CodeIgniter.php(913): App\Controllers\Pdv->__construct()
 2 SYSTEMPATH\CodeIgniter.php(493): CodeIgniter\CodeIgniter->createController()
 3 SYSTEMPATH\CodeIgniter.php(361): CodeIgniter\CodeIgniter->handleRequest(null, Object(Config\Cache), false)
 4 FCPATH\index.php(79): CodeIgniter\CodeIgniter->run()
INFO - 2024-10-12 20:30:42 --> Session: Class initialized using 'CodeIgniter\Session\Handlers\FileHandler' driver.
WARNING - 2024-10-12 20:30:42 --> [DEPRECATED] Creation of dynamic property App\Controllers\Pdv::$permissao is deprecated in APPPATH\Controllers\Pdv.php on line 54.
 1 SYSTEMPATH\CodeIgniter.php(913): App\Controllers\Pdv->__construct()
 2 SYSTEMPATH\CodeIgniter.php(493): CodeIgniter\CodeIgniter->createController()
 3 SYSTEMPATH\CodeIgniter.php(361): CodeIgniter\CodeIgniter->handleRequest(null, Object(Config\Cache), false)
 4 FCPATH\index.php(79): CodeIgniter\CodeIgniter->run()
INFO - 2024-10-12 20:32:35 --> Session: Class initialized using 'CodeIgniter\Session\Handlers\FileHandler' driver.
WARNING - 2024-10-12 20:32:35 --> [DEPRECATED] Creation of dynamic property App\Controllers\Pdv::$permissao is deprecated in APPPATH\Controllers\Pdv.php on line 54.
 1 SYSTEMPATH\CodeIgniter.php(913): App\Controllers\Pdv->__construct()
 2 SYSTEMPATH\CodeIgniter.php(493): CodeIgniter\CodeIgniter->createController()
 3 SYSTEMPATH\CodeIgniter.php(361): CodeIgniter\CodeIgniter->handleRequest(null, Object(Config\Cache), false)
 4 FCPATH\index.php(79): CodeIgniter\CodeIgniter->run()
INFO - 2024-10-12 20:34:10 --> Session: Class initialized using 'CodeIgniter\Session\Handlers\FileHandler' driver.
WARNING - 2024-10-12 20:34:11 --> [DEPRECATED] Creation of dynamic property App\Controllers\Pdv::$permissao is deprecated in APPPATH\Controllers\Pdv.php on line 54.
 1 SYSTEMPATH\CodeIgniter.php(913): App\Controllers\Pdv->__construct()
 2 SYSTEMPATH\CodeIgniter.php(493): CodeIgniter\CodeIgniter->createController()
 3 SYSTEMPATH\CodeIgniter.php(361): CodeIgniter\CodeIgniter->handleRequest(null, Object(Config\Cache), false)
 4 FCPATH\index.php(79): CodeIgniter\CodeIgniter->run()
INFO - 2024-10-12 20:37:56 --> Session: Class initialized using 'CodeIgniter\Session\Handlers\FileHandler' driver.
WARNING - 2024-10-12 20:37:56 --> [DEPRECATED] Creation of dynamic property App\Controllers\Pdv::$permissao is deprecated in APPPATH\Controllers\Pdv.php on line 54.
 1 SYSTEMPATH\CodeIgniter.php(913): App\Controllers\Pdv->__construct()
 2 SYSTEMPATH\CodeIgniter.php(493): CodeIgniter\CodeIgniter->createController()
 3 SYSTEMPATH\CodeIgniter.php(361): CodeIgniter\CodeIgniter->handleRequest(null, Object(Config\Cache), false)
 4 FCPATH\index.php(79): CodeIgniter\CodeIgniter->run()
INFO - 2024-10-12 20:41:43 --> Session: Class initialized using 'CodeIgniter\Session\Handlers\FileHandler' driver.
WARNING - 2024-10-12 20:41:43 --> [DEPRECATED] Creation of dynamic property App\Controllers\Pdv::$permissao is deprecated in APPPATH\Controllers\Pdv.php on line 54.
 1 SYSTEMPATH\CodeIgniter.php(913): App\Controllers\Pdv->__construct()
 2 SYSTEMPATH\CodeIgniter.php(493): CodeIgniter\CodeIgniter->createController()
 3 SYSTEMPATH\CodeIgniter.php(361): CodeIgniter\CodeIgniter->handleRequest(null, Object(Config\Cache), false)
 4 FCPATH\index.php(79): CodeIgniter\CodeIgniter->run()
INFO - 2024-10-12 20:41:55 --> Session: Class initialized using 'CodeIgniter\Session\Handlers\FileHandler' driver.
WARNING - 2024-10-12 20:41:55 --> [DEPRECATED] Creation of dynamic property App\Controllers\Pdv::$permissao is deprecated in APPPATH\Controllers\Pdv.php on line 54.
 1 SYSTEMPATH\CodeIgniter.php(913): App\Controllers\Pdv->__construct()
 2 SYSTEMPATH\CodeIgniter.php(493): CodeIgniter\CodeIgniter->createController()
 3 SYSTEMPATH\CodeIgniter.php(361): CodeIgniter\CodeIgniter->handleRequest(null, Object(Config\Cache), false)
 4 FCPATH\index.php(79): CodeIgniter\CodeIgniter->run()
INFO - 2024-10-12 20:42:16 --> Session: Class initialized using 'CodeIgniter\Session\Handlers\FileHandler' driver.
WARNING - 2024-10-12 20:42:16 --> [DEPRECATED] Creation of dynamic property App\Controllers\Pdv::$permissao is deprecated in APPPATH\Controllers\Pdv.php on line 54.
 1 SYSTEMPATH\CodeIgniter.php(913): App\Controllers\Pdv->__construct()
 2 SYSTEMPATH\CodeIgniter.php(493): CodeIgniter\CodeIgniter->createController()
 3 SYSTEMPATH\CodeIgniter.php(361): CodeIgniter\CodeIgniter->handleRequest(null, Object(Config\Cache), false)
 4 FCPATH\index.php(79): CodeIgniter\CodeIgniter->run()
INFO - 2024-10-12 20:45:30 --> Session: Class initialized using 'CodeIgniter\Session\Handlers\FileHandler' driver.
WARNING - 2024-10-12 20:45:30 --> [DEPRECATED] Creation of dynamic property App\Controllers\Pdv::$permissao is deprecated in APPPATH\Controllers\Pdv.php on line 54.
 1 SYSTEMPATH\CodeIgniter.php(913): App\Controllers\Pdv->__construct()
 2 SYSTEMPATH\CodeIgniter.php(493): CodeIgniter\CodeIgniter->createController()
 3 SYSTEMPATH\CodeIgniter.php(361): CodeIgniter\CodeIgniter->handleRequest(null, Object(Config\Cache), false)
 4 FCPATH\index.php(79): CodeIgniter\CodeIgniter->run()
WARNING - 2024-10-12 20:45:30 --> [DEPRECATED] number_format(): Passing null to parameter #1 ($num) of type float is deprecated in APPPATH\Views\pdv\start.php on line 144.
 1 APPPATH\Views\pdv\start.php(144): number_format(null, 2, ',', '.')
 2 SYSTEMPATH\View\View.php(228): include('C:\\xampp\\htdocs\\erp.local\\app\\Views\\pdv\\start.php')
 3 SYSTEMPATH\View\View.php(231): CodeIgniter\View\View->CodeIgniter\View\{closure}()
 4 SYSTEMPATH\Common.php(1178): CodeIgniter\View\View->render('pdv/start', [], true)
 5 APPPATH\Controllers\Pdv.php(134): view('pdv/start', [...])
 6 SYSTEMPATH\CodeIgniter.php(941): App\Controllers\Pdv->start('3')
 7 SYSTEMPATH\CodeIgniter.php(502): CodeIgniter\CodeIgniter->runController(Object(App\Controllers\Pdv))
 8 SYSTEMPATH\CodeIgniter.php(361): CodeIgniter\CodeIgniter->handleRequest(null, Object(Config\Cache), false)
 9 FCPATH\index.php(79): CodeIgniter\CodeIgniter->run()
INFO - 2024-10-12 20:45:34 --> Session: Class initialized using 'CodeIgniter\Session\Handlers\FileHandler' driver.
WARNING - 2024-10-12 20:45:34 --> [DEPRECATED] Creation of dynamic property App\Controllers\Pdv::$permissao is deprecated in APPPATH\Controllers\Pdv.php on line 54.
 1 SYSTEMPATH\CodeIgniter.php(913): App\Controllers\Pdv->__construct()
 2 SYSTEMPATH\CodeIgniter.php(493): CodeIgniter\CodeIgniter->createController()
 3 SYSTEMPATH\CodeIgniter.php(361): CodeIgniter\CodeIgniter->handleRequest(null, Object(Config\Cache), false)
 4 FCPATH\index.php(79): CodeIgniter\CodeIgniter->run()
INFO - 2024-10-12 20:45:34 --> Session: Class initialized using 'CodeIgniter\Session\Handlers\FileHandler' driver.
WARNING - 2024-10-12 20:45:34 --> [DEPRECATED] Creation of dynamic property App\Controllers\Pdv::$permissao is deprecated in APPPATH\Controllers\Pdv.php on line 54.
 1 SYSTEMPATH\CodeIgniter.php(913): App\Controllers\Pdv->__construct()
 2 SYSTEMPATH\CodeIgniter.php(493): CodeIgniter\CodeIgniter->createController()
 3 SYSTEMPATH\CodeIgniter.php(361): CodeIgniter\CodeIgniter->handleRequest(null, Object(Config\Cache), false)
 4 FCPATH\index.php(79): CodeIgniter\CodeIgniter->run()
INFO - 2024-10-12 20:46:03 --> Session: Class initialized using 'CodeIgniter\Session\Handlers\FileHandler' driver.
WARNING - 2024-10-12 20:46:03 --> [DEPRECATED] Creation of dynamic property App\Controllers\Pdv::$permissao is deprecated in APPPATH\Controllers\Pdv.php on line 54.
 1 SYSTEMPATH\CodeIgniter.php(913): App\Controllers\Pdv->__construct()
 2 SYSTEMPATH\CodeIgniter.php(493): CodeIgniter\CodeIgniter->createController()
 3 SYSTEMPATH\CodeIgniter.php(361): CodeIgniter\CodeIgniter->handleRequest(null, Object(Config\Cache), false)
 4 FCPATH\index.php(79): CodeIgniter\CodeIgniter->run()
INFO - 2024-10-12 20:46:19 --> Session: Class initialized using 'CodeIgniter\Session\Handlers\FileHandler' driver.
WARNING - 2024-10-12 20:46:19 --> [DEPRECATED] Creation of dynamic property App\Controllers\Pdv::$permissao is deprecated in APPPATH\Controllers\Pdv.php on line 54.
 1 SYSTEMPATH\CodeIgniter.php(913): App\Controllers\Pdv->__construct()
 2 SYSTEMPATH\CodeIgniter.php(493): CodeIgniter\CodeIgniter->createController()
 3 SYSTEMPATH\CodeIgniter.php(361): CodeIgniter\CodeIgniter->handleRequest(null, Object(Config\Cache), false)
 4 FCPATH\index.php(79): CodeIgniter\CodeIgniter->run()
INFO - 2024-10-12 20:46:36 --> Session: Class initialized using 'CodeIgniter\Session\Handlers\FileHandler' driver.
WARNING - 2024-10-12 20:46:36 --> [DEPRECATED] Creation of dynamic property App\Controllers\Pdv::$permissao is deprecated in APPPATH\Controllers\Pdv.php on line 54.
 1 SYSTEMPATH\CodeIgniter.php(913): App\Controllers\Pdv->__construct()
 2 SYSTEMPATH\CodeIgniter.php(493): CodeIgniter\CodeIgniter->createController()
 3 SYSTEMPATH\CodeIgniter.php(361): CodeIgniter\CodeIgniter->handleRequest(null, Object(Config\Cache), false)
 4 FCPATH\index.php(79): CodeIgniter\CodeIgniter->run()
WARNING - 2024-10-12 20:46:36 --> [DEPRECATED] number_format(): Passing null to parameter #1 ($num) of type float is deprecated in APPPATH\Views\pdv\start.php on line 144.
 1 APPPATH\Views\pdv\start.php(144): number_format(null, 2, '.', '.')
 2 SYSTEMPATH\View\View.php(228): include('C:\\xampp\\htdocs\\erp.local\\app\\Views\\pdv\\start.php')
 3 SYSTEMPATH\View\View.php(231): CodeIgniter\View\View->CodeIgniter\View\{closure}()
 4 SYSTEMPATH\Common.php(1178): CodeIgniter\View\View->render('pdv/start', [], true)
 5 APPPATH\Controllers\Pdv.php(134): view('pdv/start', [...])
 6 SYSTEMPATH\CodeIgniter.php(941): App\Controllers\Pdv->start('3')
 7 SYSTEMPATH\CodeIgniter.php(502): CodeIgniter\CodeIgniter->runController(Object(App\Controllers\Pdv))
 8 SYSTEMPATH\CodeIgniter.php(361): CodeIgniter\CodeIgniter->handleRequest(null, Object(Config\Cache), false)
 9 FCPATH\index.php(79): CodeIgniter\CodeIgniter->run()
